2025-05-06T17:11:22.907+03:00  INFO 32670 --- [main] c.e.G.P.GraduationProjectApplication     : Starting GraduationProjectApplication using Java 23.0.1 with PID 32670 (/Users/macbookpro/Desktop/Graduation-Project/target/classes started by macbookpro in /Users/macbookpro/Desktop/Graduation-Project)
2025-05-06T17:11:22.908+03:00 DEBUG 32670 --- [main] c.e.G.P.GraduationProjectApplication     : Running with Spring Boot v3.4.4, Spring v6.2.5
2025-05-06T17:11:22.908+03:00  INFO 32670 --- [main] c.e.G.P.GraduationProjectApplication     : No active profile set, falling back to 1 default profile: "default"
2025-05-06T17:11:23.223+03:00  INFO 32670 --- [main] .s.d.r.c.RepositoryConfigurationDelegate : Bootstrapping Spring Data JPA repositories in DEFAULT mode.
2025-05-06T17:11:23.255+03:00  INFO 32670 --- [main] .s.d.r.c.RepositoryConfigurationDelegate : Finished Spring Data repository scanning in 27 ms. Found 8 JPA repository interfaces.
2025-05-06T17:11:23.601+03:00  INFO 32670 --- [main] o.s.b.w.embedded.tomcat.TomcatWebServer  : Tomcat initialized with port 8080 (http)
2025-05-06T17:11:23.608+03:00  INFO 32670 --- [main] o.apache.catalina.core.StandardService   : Starting service [Tomcat]
2025-05-06T17:11:23.608+03:00  INFO 32670 --- [main] o.apache.catalina.core.StandardEngine    : Starting Servlet engine: [Apache Tomcat/10.1.39]
2025-05-06T17:11:23.627+03:00  INFO 32670 --- [main] o.a.c.c.C.[Tomcat].[localhost].[/]       : Initializing Spring embedded WebApplicationContext
2025-05-06T17:11:23.627+03:00  INFO 32670 --- [main] w.s.c.ServletWebServerApplicationContext : Root WebApplicationContext: initialization completed in 692 ms
2025-05-06T17:11:23.718+03:00  INFO 32670 --- [main] o.hibernate.jpa.internal.util.LogHelper  : HHH000204: Processing PersistenceUnitInfo [name: default]
2025-05-06T17:11:23.745+03:00  INFO 32670 --- [main] org.hibernate.Version                    : HHH000412: Hibernate ORM core version 6.6.11.Final
2025-05-06T17:11:23.762+03:00  INFO 32670 --- [main] o.h.c.internal.RegionFactoryInitiator    : HHH000026: Second-level cache disabled
2025-05-06T17:11:23.880+03:00  INFO 32670 --- [main] o.s.o.j.p.SpringPersistenceUnitInfo      : No LoadTimeWeaver setup: ignoring JPA class transformer
2025-05-06T17:11:23.893+03:00  INFO 32670 --- [main] com.zaxxer.hikari.HikariDataSource       : HikariPool-1 - Starting...
2025-05-06T17:11:24.153+03:00  INFO 32670 --- [main] com.zaxxer.hikari.pool.HikariPool        : HikariPool-1 - Added connection com.mysql.cj.jdbc.ConnectionImpl@7ecb9e17
2025-05-06T17:11:24.154+03:00  INFO 32670 --- [main] com.zaxxer.hikari.HikariDataSource       : HikariPool-1 - Start completed.
2025-05-06T17:11:24.191+03:00  WARN 32670 --- [main] org.hibernate.orm.deprecation            : HHH90000025: MySQL8Dialect does not need to be specified explicitly using 'hibernate.dialect' (remove the property setting and it will be selected by default)
2025-05-06T17:11:24.191+03:00  WARN 32670 --- [main] org.hibernate.orm.deprecation            : HHH90000026: MySQL8Dialect has been deprecated; use org.hibernate.dialect.MySQLDialect instead
2025-05-06T17:11:24.199+03:00  INFO 32670 --- [main] org.hibernate.orm.connections.pooling    : HHH10001005: Database info:
	Database JDBC URL [Connecting through datasource 'HikariDataSource (HikariPool-1)']
	Database driver: undefined/unknown
	Database version: 8.0
	Autocommit mode: undefined/unknown
	Isolation level: undefined/unknown
	Minimum pool size: undefined/unknown
	Maximum pool size: undefined/unknown
2025-05-06T17:11:24.573+03:00  INFO 32670 --- [main] o.h.e.t.j.p.i.JtaPlatformInitiator       : HHH000489: No JTA platform available (set 'hibernate.transaction.jta.platform' to enable JTA platform integration)
2025-05-06T17:11:24.643+03:00  INFO 32670 --- [main] j.LocalContainerEntityManagerFactoryBean : Initialized JPA EntityManagerFactory for persistence unit 'default'
2025-05-06T17:11:24.881+03:00  INFO 32670 --- [main] r$InitializeUserDetailsManagerConfigurer : Global AuthenticationManager configured with UserDetailsService bean with name customUserDetailsService
2025-05-06T17:11:24.926+03:00  WARN 32670 --- [main] JpaBaseConfiguration$JpaWebConfiguration : spring.jpa.open-in-view is enabled by default. Therefore, database queries may be performed during view rendering. Explicitly configure spring.jpa.open-in-view to disable this warning
2025-05-06T17:11:25.178+03:00  INFO 32670 --- [main] o.s.b.w.embedded.tomcat.TomcatWebServer  : Tomcat started on port 8080 (http) with context path '/'
2025-05-06T17:11:25.182+03:00  INFO 32670 --- [main] c.e.G.P.GraduationProjectApplication     : Started GraduationProjectApplication in 2.51 seconds (process running for 2.701)
2025-05-06T17:12:50.219+03:00  INFO 32670 --- [http-nio-8080-exec-2] o.a.c.c.C.[Tomcat].[localhost].[/]       : Initializing Spring DispatcherServlet 'dispatcherServlet'
2025-05-06T17:12:50.220+03:00  INFO 32670 --- [http-nio-8080-exec-2] o.s.web.servlet.DispatcherServlet        : Initializing Servlet 'dispatcherServlet'
2025-05-06T17:12:50.223+03:00  INFO 32670 --- [http-nio-8080-exec-2] o.s.web.servlet.DispatcherServlet        : Completed initialization in 3 ms
2025-05-06T17:13:05.405+03:00  INFO 32670 --- [http-nio-8080-exec-3] c.e.G.Project.logging.HttpLoggingFilter  : Request: POST /api/auth/login from 0:0:0:0:0:0:0:1
2025-05-06T17:13:05.468+03:00  INFO 32670 --- [http-nio-8080-exec-3] c.e.G.Project.logging.LoggingAspect      : POST request to com.example.Graduation.Project.security.AuthController.authenticateUser()
2025-05-06T17:13:05.469+03:00  INFO 32670 --- [http-nio-8080-exec-3] c.e.G.Project.logging.LoggingAspect      : User anonymousUser called com.example.Graduation.Project.security.AuthController.authenticateUser()
2025-05-06T17:13:05.563+03:00  INFO 32670 --- [http-nio-8080-exec-3] c.e.G.Project.logging.LoggingAspect      : User anonymousUser called com.example.Graduation.Project.security.CustomUserDetailsService.loadUserByUsername()
2025-05-06T17:13:05.619+03:00 DEBUG 32670 --- [http-nio-8080-exec-3] org.hibernate.SQL                        : 
    select
        u1_0.user_id,
        u1_0.college_id,
        u1_0.user_email,
        u1_0.full_name,
        u1_0.user_password,
        u1_0.user_phone,
        u1_0.role_id 
    from
        users u1_0 
    where
        u1_0.user_email=?
2025-05-06T17:13:05.673+03:00 DEBUG 32670 --- [http-nio-8080-exec-3] org.hibernate.SQL                        : 
    select
        c1_0.college_id,
        c1_0.college_name 
    from
        colleges c1_0 
    where
        c1_0.college_id=?
2025-05-06T17:13:05.678+03:00 DEBUG 32670 --- [http-nio-8080-exec-3] org.hibernate.SQL                        : 
    select
        r1_0.role_id,
        r1_0.role_name 
    from
        roles r1_0 
    where
        r1_0.role_id=?
2025-05-06T17:13:05.681+03:00  INFO 32670 --- [http-nio-8080-exec-3] c.e.G.Project.logging.LoggingAspect      : Exit: com.example.Graduation.Project.security.CustomUserDetailsService.loadUserByUsername() with result = org.springframework.security.core.userdetails.User [Username=student1@ju.edu.jo, Password=[PROTECTED], Enabled=true, AccountNonExpired=true, CredentialsNonExpired=true, AccountNonLocked=true, Granted Authorities=[ROLE_طالب]]
2025-05-06T17:13:05.765+03:00 DEBUG 32670 --- [http-nio-8080-exec-3] org.hibernate.SQL                        : 
    select
        u1_0.user_id,
        u1_0.college_id,
        u1_0.user_email,
        u1_0.full_name,
        u1_0.user_password,
        u1_0.user_phone,
        u1_0.role_id 
    from
        users u1_0 
    where
        u1_0.user_email=?
2025-05-06T17:13:05.768+03:00  INFO 32670 --- [http-nio-8080-exec-3] c.e.G.Project.logging.LoggingAspect      : Exit: com.example.Graduation.Project.security.AuthController.authenticateUser() with result = <200 OK OK,com.example.Graduation.Project.security.jwt.JwtAuthResponse@78d5531a,[]>
2025-05-06T17:13:05.768+03:00  INFO 32670 --- [http-nio-8080-exec-3] c.e.G.Project.logging.LoggingAspect      : POST request completed in 300 ms
2025-05-06T17:13:05.780+03:00  INFO 32670 --- [http-nio-8080-exec-3] c.e.G.Project.logging.HttpLoggingFilter  : Completed in 374 ms
2025-05-06T17:15:33.184+03:00  INFO 32670 --- [http-nio-8080-exec-6] c.e.G.Project.logging.LoggingAspect      : User anonymous called com.example.Graduation.Project.security.CustomUserDetailsService.loadUserByUsername()
2025-05-06T17:15:33.242+03:00 DEBUG 32670 --- [http-nio-8080-exec-6] org.hibernate.SQL                        : 
    select
        u1_0.user_id,
        u1_0.college_id,
        u1_0.user_email,
        u1_0.full_name,
        u1_0.user_password,
        u1_0.user_phone,
        u1_0.role_id 
    from
        users u1_0 
    where
        u1_0.user_email=?
2025-05-06T17:15:33.251+03:00 DEBUG 32670 --- [http-nio-8080-exec-6] org.hibernate.SQL                        : 
    select
        c1_0.college_id,
        c1_0.college_name 
    from
        colleges c1_0 
    where
        c1_0.college_id=?
2025-05-06T17:15:33.253+03:00 DEBUG 32670 --- [http-nio-8080-exec-6] org.hibernate.SQL                        : 
    select
        r1_0.role_id,
        r1_0.role_name 
    from
        roles r1_0 
    where
        r1_0.role_id=?
2025-05-06T17:15:33.254+03:00  INFO 32670 --- [http-nio-8080-exec-6] c.e.G.Project.logging.LoggingAspect      : Exit: com.example.Graduation.Project.security.CustomUserDetailsService.loadUserByUsername() with result = org.springframework.security.core.userdetails.User [Username=student1@ju.edu.jo, Password=[PROTECTED], Enabled=true, AccountNonExpired=true, CredentialsNonExpired=true, AccountNonLocked=true, Granted Authorities=[ROLE_طالب]]
2025-05-06T17:15:33.255+03:00  INFO 32670 --- [http-nio-8080-exec-6] c.e.G.Project.logging.HttpLoggingFilter  : Request: GET /api/activities from 0:0:0:0:0:0:0:1
2025-05-06T17:15:33.258+03:00  INFO 32670 --- [http-nio-8080-exec-6] c.e.G.Project.logging.LoggingAspect      : GET request to com.example.Graduation.Project.activity.ActivityController.findAll()
2025-05-06T17:15:33.258+03:00  INFO 32670 --- [http-nio-8080-exec-6] c.e.G.Project.logging.LoggingAspect      : User student1@ju.edu.jo called com.example.Graduation.Project.activity.ActivityController.findAll()
2025-05-06T17:15:33.258+03:00  INFO 32670 --- [http-nio-8080-exec-6] c.e.G.Project.logging.LoggingAspect      : User student1@ju.edu.jo called com.example.Graduation.Project.activity.ActivityService.findAll()
2025-05-06T17:15:33.283+03:00 DEBUG 32670 --- [http-nio-8080-exec-6] org.hibernate.SQL                        : 
    select
        a1_0.request_id,
        a1_0.created_at,
        a1_0.description,
        a1_0.end_time,
        a1_0.location_id,
        a1_0.objectives,
        a1_0.requester_id,
        a1_0.start_time,
        a1_0.supervisor_id,
        a1_0.type_id 
    from
        activities a1_0
2025-05-06T17:15:33.287+03:00 DEBUG 32670 --- [http-nio-8080-exec-6] org.hibernate.SQL                        : 
    select
        l1_0.location_id,
        l1_0.college_id,
        c1_0.college_id,
        c1_0.college_name,
        l1_0.location_name 
    from
        locations l1_0 
    join
        colleges c1_0 
            on c1_0.college_id=l1_0.college_id 
    where
        l1_0.location_id=?
2025-05-06T17:15:33.290+03:00 DEBUG 32670 --- [http-nio-8080-exec-6] org.hibernate.SQL                        : 
    select
        u1_0.user_id,
        u1_0.college_id,
        c1_0.college_id,
        c1_0.college_name,
        u1_0.user_email,
        u1_0.full_name,
        u1_0.user_password,
        u1_0.user_phone,
        u1_0.role_id,
        r1_0.role_id,
        r1_0.role_name 
    from
        users u1_0 
    join
        colleges c1_0 
            on c1_0.college_id=u1_0.college_id 
    join
        roles r1_0 
            on r1_0.role_id=u1_0.role_id 
    where
        u1_0.user_id=?
2025-05-06T17:15:33.291+03:00 DEBUG 32670 --- [http-nio-8080-exec-6] org.hibernate.SQL                        : 
    select
        u1_0.user_id,
        u1_0.college_id,
        c1_0.college_id,
        c1_0.college_name,
        u1_0.user_email,
        u1_0.full_name,
        u1_0.user_password,
        u1_0.user_phone,
        u1_0.role_id,
        r1_0.role_id,
        r1_0.role_name 
    from
        users u1_0 
    join
        colleges c1_0 
            on c1_0.college_id=u1_0.college_id 
    join
        roles r1_0 
            on r1_0.role_id=u1_0.role_id 
    where
        u1_0.user_id=?
2025-05-06T17:15:33.291+03:00 DEBUG 32670 --- [http-nio-8080-exec-6] org.hibernate.SQL                        : 
    select
        at1_0.type_id,
        at1_0.type_name 
    from
        activity_types at1_0 
    where
        at1_0.type_id=?
2025-05-06T17:15:33.296+03:00  INFO 32670 --- [http-nio-8080-exec-6] c.e.G.Project.logging.LoggingAspect      : Exit: com.example.Graduation.Project.activity.ActivityService.findAll() with result = [com.example.Graduation.Project.activity.ActivityResponse@69ff5460]
2025-05-06T17:15:33.296+03:00  INFO 32670 --- [http-nio-8080-exec-6] c.e.G.Project.logging.LoggingAspect      : Exit: com.example.Graduation.Project.activity.ActivityController.findAll() with result = [com.example.Graduation.Project.activity.ActivityResponse@69ff5460]
2025-05-06T17:15:33.297+03:00  INFO 32670 --- [http-nio-8080-exec-6] c.e.G.Project.logging.LoggingAspect      : GET request completed in 38 ms
2025-05-06T17:15:33.306+03:00  INFO 32670 --- [http-nio-8080-exec-6] c.e.G.Project.logging.HttpLoggingFilter  : Completed in 51 ms
2025-05-06T17:23:35.251+03:00  INFO 32670 --- [SpringApplicationShutdownHook] o.s.b.w.e.tomcat.GracefulShutdown        : Commencing graceful shutdown. Waiting for active requests to complete
2025-05-06T17:23:35.262+03:00  INFO 32670 --- [tomcat-shutdown] o.s.b.w.e.tomcat.GracefulShutdown        : Graceful shutdown complete
2025-05-06T17:23:35.270+03:00  INFO 32670 --- [SpringApplicationShutdownHook] j.LocalContainerEntityManagerFactoryBean : Closing JPA EntityManagerFactory for persistence unit 'default'
2025-05-06T17:23:35.275+03:00  INFO 32670 --- [SpringApplicationShutdownHook] com.zaxxer.hikari.HikariDataSource       : HikariPool-1 - Shutdown initiated...
2025-05-06T17:23:35.290+03:00  INFO 32670 --- [SpringApplicationShutdownHook] com.zaxxer.hikari.HikariDataSource       : HikariPool-1 - Shutdown completed.
